<?xml version="1.0" encoding="UTF-8"?>
<!-- Generated by org.testng.reporters.JUnitXMLReporter -->
<testsuite hostname="CG-DTE-Student" ignored="0" name="Default test" tests="3" failures="0" timestamp="09 Jul 2020 11:48:45 GMT" time="64.227" errors="0">
  <testcase name="managerLogin" time="9.924" classname="startupProject.LoginAsManager"/>
  <testcase name="managerLogin" time="13.052" classname="startupProject.LoginAsManager"/>
  <testcase name="addQuotation" time="14.436" classname="startupProject.QuotationPage"/>
</testsuite> <!-- Default test -->
